[2024-10-23 09:34:49] Posicion Cuadrado: 541 108
[2024-10-23 09:35:10] Posicion Bala: 69.488494282663 108.88765070682 0.49606609344482 Velocidad: 130
[2024-10-23 09:35:10] Posicion Bala: 81.912028896 108.8660069183 0.59163188934326 Velocidad: 130
[2024-10-23 09:35:10] Posicion Bala: 94.05856684031 108.84484570237 0.68506693840027 Velocidad: 130
[2024-10-23 09:35:10] Posicion Bala: 108.41717284644 108.81983070933 0.79551792144775 Velocidad: 130
[2024-10-23 09:35:10] Posicion Bala: 120.03435797545 108.79959171084 0.88488101959229 Velocidad: 130
[2024-10-23 09:35:10] Posicion Bala: 134.20265856054 108.77490826035 0.99386811256409 Velocidad: 130
[2024-10-23 09:35:11] Posicion Bala: 146.13583127383 108.75411876085 1.0856618881226 Velocidad: 130
[2024-10-23 09:35:11] Posicion Bala: 160.50822977383 108.72907973907 1.1962189674377 Velocidad: 130
[2024-10-23 09:35:11] Posicion Bala: 172.14373257447 108.70880882827 1.2857229709625 Velocidad: 130
[2024-10-23 09:35:11] Posicion Bala: 186.36624230963 108.68403093674 1.3951270580292 Velocidad: 130
[2024-10-23 09:35:11] Posicion Bala: 198.3029483809 108.66323528157 1.4869480133057 Velocidad: 130
[2024-10-23 09:35:11] Posicion Bala: 211.38340862924 108.64044702329 1.5875670909882 Velocidad: 130
[2024-10-23 09:35:11] Posicion Bala: 224.58084162335 108.61745497975 1.6890859603882 Velocidad: 130
[2024-10-23 09:35:11] Posicion Bala: 238.47093675905 108.59325620774 1.795933008194 Velocidad: 130
[2024-10-23 09:35:11] Posicion Bala: 250.62500633484 108.5720818705 1.8894259929657 Velocidad: 130
[2024-10-23 09:35:11] Posicion Bala: 263.03180398932 108.55046724044 1.9848630428314 Velocidad: 130
[2024-10-23 09:35:12] Posicion Bala: 276.75951962977 108.52655135953 2.0904610157013 Velocidad: 130
[2024-10-23 09:35:12] Posicion Bala: 290.48841305622 108.50263342673 2.1960680484772 Velocidad: 130
[2024-10-23 09:35:12] Posicion Bala: 303.43847999734 108.4800723345 2.2956840991974 Velocidad: 130
[2024-10-23 09:35:12] Posicion Bala: 315.54131588242 108.45898725456 2.3887829780579 Velocidad: 130
[2024-10-23 09:35:12] Posicion Bala: 329.47390429699 108.43471445244 2.4959568977356 Velocidad: 130
[2024-10-23 09:35:12] Posicion Bala: 341.8159547162 108.41321262245 2.5908958911896 Velocidad: 130
[2024-10-23 09:35:12] Posicion Bala: 355.47659854377 108.38941359139 2.6959779262543 Velocidad: 130
[2024-10-23 09:35:12] Posicion Bala: 368.16550693804 108.3673074792 2.793585062027 Velocidad: 130
[2024-10-23 09:35:12] Posicion Bala: 379.87471434638 108.34690816316 2.8836560249329 Velocidad: 130
[2024-10-23 09:35:12] Posicion Bala: 393.87620324156 108.32251532536 2.9913599491119 Velocidad: 130
[2024-10-23 09:35:13] Posicion Bala: 407.47938351039 108.29881640503 3.095999956131 Velocidad: 130
[2024-10-23 09:35:13] Posicion Bala: 420.08612583443 108.27685343931 3.1929750442505 Velocidad: 130
[2024-10-23 09:35:13] Posicion Bala: 432.31610061807 108.25554686303 3.2870519161224 Velocidad: 130
[2024-10-23 09:35:13] Posicion Bala: 446.51976577732 108.23080180178 3.396311044693 Velocidad: 130
[2024-10-23 09:35:13] Posicion Bala: 458.50807747173 108.20991624134 3.4885289669037 Velocidad: 130
[2024-10-23 09:35:13] Posicion Bala: 472.45796074378 108.18561330881 3.5958359241486 Velocidad: 130
[2024-10-23 09:35:13] Posicion Bala: 484.92600326992 108.16389198037 3.6917440891266 Velocidad: 130
[2024-10-23 09:35:13] Posicion Bala: 498.57493122628 108.14011336023 3.7967360019684 Velocidad: 130
[2024-10-23 09:35:13] Posicion Bala: 510.69754151831 108.11899383011 3.8899869918823 Velocidad: 130
[2024-10-23 09:35:13] Posicion Bala: 522.92193731565 108.09769697332 3.98402094841 Velocidad: 130
[2024-10-23 09:35:14] Posicion Bala: 537.11078716689 108.07297772271 4.0931661128998 Velocidad: 130
[2024-10-23 09:35:14] Posicion Bala: 550.41741332033 108.04979544718 4.195524930954 Velocidad: 130
[2024-10-23 09:35:14] Posicion Bala: 562.90157291796 108.02804604021 4.2915570735931 Velocidad: 130
[2024-10-23 09:35:14] Posicion Bala: 574.99349878542 108.00697996727 4.3845720291138 Velocidad: 130
[2024-10-23 09:35:14] Posicion Bala: 589.34767259688 107.98197269582 4.4949889183044 Velocidad: 130
[2024-10-23 09:35:14] Posicion Bala: 601.36108972957 107.96104339768 4.5873999595642 Velocidad: 130
[2024-10-23 09:35:14] Posicion Bala: 615.59829079527 107.93623991151 4.6969170570374 Velocidad: 130
[2024-10-23 09:35:14] Posicion Bala: 627.8184093698 107.91495050632 4.7909181118011 Velocidad: 130
[2024-10-23 09:35:14] Posicion Bala: 641.43497920572 107.89122825922 4.8956611156464 Velocidad: 130
[2024-10-23 09:35:14] Posicion Bala: 653.82900718048 107.86963587599 4.9909999370575 Velocidad: 130
[2024-10-23 09:35:15] Posicion Bala: 666.04977663675 107.84834533687 5.0850059986115 Velocidad: 130
[2024-10-23 09:35:15] Posicion Bala: 680.40683292446 107.82333304369 5.19544506073 Velocidad: 130
[2024-10-23 09:35:15] Posicion Bala: 692.41569388501 107.80241168313 5.2878210544586 Velocidad: 130
[2024-10-23 09:35:15] Posicion Bala: 706.5041529775 107.77786732931 5.3961939811707 Velocidad: 130
[2024-10-23 09:35:15] Posicion Bala: 718.94371167922 107.75619562425 5.4918830394745 Velocidad: 130
[2024-10-23 09:35:15] Posicion Bala: 731.01105901265 107.73517237106 5.5847089290619 Velocidad: 130
[2024-10-23 09:35:15] Posicion Bala: 745.13178324248 107.7105718062 5.6933300495148 Velocidad: 130
[2024-10-23 09:35:15] Posicion Bala: 756.91249465837 107.69004791871 5.7839510440826 Velocidad: 130
[2024-10-23 09:35:15] Posicion Bala: 771.06036995478 107.66540005234 5.8927810192108 Velocidad: 130
[2024-10-23 09:35:15] Posicion Bala: 783.16646024853 107.6443093027 5.9859049320221 Velocidad: 130
[2024-10-23 09:35:16] Posicion Bala: 797.4860753394 107.61936223808 6.0960559844971 Velocidad: 130
[2024-10-23 09:35:16] Posicion Bala: 809.39470051304 107.59861550433 6.1876609325409 Velocidad: 130
[2024-10-23 09:47:04] Posicion Bala: 93.915219506982 113.04926995857 0.68467211723328 Velocidad: 130
[2024-10-23 09:47:04] Posicion Bala: 108.07908967815 113.69430389426 0.79373788833618 Velocidad: 130
[2024-10-23 09:47:04] Posicion Bala: 120.09593937894 114.24156080663 0.88627099990845 Velocidad: 130
[2024-10-23 09:47:04] Posicion Bala: 133.14754996576 114.83594155442 0.98677206039429 Velocidad: 130
[2024-10-23 09:47:05] Posicion Bala: 146.05264683287 115.42364995064 1.0861449241638 Velocidad: 130
[2024-10-23 09:47:05] Posicion Bala: 160.22524837956 116.06908152013 1.195277929306 Velocidad: 130
[2024-10-23 09:47:05] Posicion Bala: 172.37975657524 116.62260751007 1.288871049881 Velocidad: 130
[2024-10-23 09:47:05] Posicion Bala: 186.18081022749 117.25111849233 1.395143032074 Velocidad: 130
[2024-10-23 09:47:05] Posicion Bala: 198.36296777898 117.80590365597 1.4889490604401 Velocidad: 130
[2024-10-23 09:47:05] Posicion Bala: 212.22724649793 118.43729395816 1.5957078933716 Velocidad: 130
[2024-10-23 09:47:05] Posicion Bala: 224.3286233447 118.98840030412 1.6888918876648 Velocidad: 130
[2024-10-23 09:47:05] Posicion Bala: 238.34839485748 119.62687187207 1.7968480587006 Velocidad: 130
[2024-10-23 09:47:05] Posicion Bala: 250.12095181766 120.16300349834 1.8875000476837 Velocidad: 130
[2024-10-23 09:47:05] Posicion Bala: 264.17211912752 120.8029048559 1.9956979751587 Velocidad: 130
[2024-10-23 09:47:06] Posicion Bala: 276.38167833623 121.35893791285 2.0897150039673 Velocidad: 130
[2024-10-23 09:47:06] Posicion Bala: 290.16675542901 121.98672130986 2.1958639621735 Velocidad: 130
[2024-10-23 09:47:06] Posicion Bala: 302.25800759566 122.53736656982 2.2889699935913 Velocidad: 130
[2024-10-23 09:47:06] Posicion Bala: 315.97530816003 123.16206336972 2.3945970535278 Velocidad: 130
[2024-10-23 09:47:06] Posicion Bala: 329.03976811154 123.75702928781 2.495197057724 Velocidad: 130
[2024-10-23 09:47:06] Posicion Bala: 340.58103650743 124.28262784854 2.5840680599213 Velocidad: 130
[2024-10-23 09:47:06] Posicion Bala: 354.69285901106 124.92529149196 2.6927330493927 Velocidad: 130
[2024-10-23 09:47:06] Posicion Bala: 366.66215058135 125.47038256917 2.7848999500275 Velocidad: 130
[2024-10-23 09:47:06] Posicion Bala: 380.92955876578 126.1201317085 2.8947629928589 Velocidad: 130
[2024-10-23 09:47:06] Posicion Bala: 393.005887092 126.67009732487 2.9877541065216 Velocidad: 130
[2024-10-23 09:47:07] Posicion Bala: 406.98444775082 127.30669211768 3.0953929424286 Velocidad: 130
[2024-10-23 09:47:07] Posicion Bala: 418.87466154425 127.84818192991 3.1869509220123 Velocidad: 130
[2024-10-23 09:47:07] Posicion Bala: 433.01518612272 128.4921526887 3.2958369255066 Velocidad: 130
[2024-10-23 09:47:07] Posicion Bala: 444.93670282625 129.0350680604 3.3876359462738 Velocidad: 130
[2024-10-23 09:47:07] Posicion Bala: 459.04205420405 129.6774370036 3.4962511062622 Velocidad: 130
[2024-10-23 09:47:07] Posicion Bala: 471.569906109 130.2479653636 3.592719078064 Velocidad: 130
[2024-10-23 09:47:07] Posicion Bala: 483.55090143797 130.7935894393 3.6849761009216 Velocidad: 130
[2024-10-23 09:47:07] Posicion Bala: 497.70582349735 131.43821587085 3.7939729690552 Velocidad: 130
[2024-10-23 09:47:07] Posicion Bala: 509.69434267119 131.98418258844 3.8862879276276 Velocidad: 130
[2024-10-23 09:47:07] Posicion Bala: 522.43908565952 132.56458834123 3.9844260215759 Velocidad: 130
[2024-10-23 09:47:08] Posicion Bala: 535.43264188783 133.15632524726 4.084480047226 Velocidad: 130
[2024-10-23 09:47:08] Posicion Bala: 15.99687031252 108.63411522066 0.084638118743896 Velocidad: 130
[2024-10-23 09:47:08] Posicion Bala: 549.65147018506 133.80386201981 4.1939690113068 Velocidad: 130
[2024-10-23 09:47:08] Posicion Bala: 30.223214370502 108.16078029821 0.19413208961487 Velocidad: 130
[2024-10-23 09:47:08] Posicion Bala: 561.86062688355 134.35987674612 4.2879829406738 Velocidad: 130
[2024-10-23 09:47:08] Posicion Bala: 42.439164323694 107.75433464357 0.28815293312073 Velocidad: 130
[2024-10-23 09:47:08] Posicion Bala: 575.99403012737 135.00352319366 4.3968141078949 Velocidad: 130
[2024-10-23 09:47:08] Posicion Bala: 56.578586150854 107.28389177317 0.39697790145874 Velocidad: 130
[2024-10-23 09:47:08] Posicion Bala: 587.94824304562 135.54792757703 4.4888648986816 Velocidad: 130
[2024-10-23 09:47:08] Posicion Bala: 68.535504138927 106.8860645573 0.48900508880615 Velocidad: 130
[2024-10-23 09:47:08] Posicion Bala: 601.88020540601 136.18240024619 4.5961449146271 Velocidad: 130
[2024-10-23 09:47:08] Posicion Bala: 82.478592003528 106.42215405534 0.59631896018982 Velocidad: 130
[2024-10-23 09:47:08] Posicion Bala: 614.29872934302 136.7479497234 4.691771030426 Velocidad: 130
[2024-10-23 09:47:08] Posicion Bala: 94.908440033632 106.00859164398 0.69198608398438 Velocidad: 130
[2024-10-23 09:47:08] Posicion Bala: 627.77316143372 137.36158609945 4.7955279350281 Velocidad: 130
[2024-10-23 09:47:08] Posicion Bala: 108.3887274248 105.56007930934 0.79573798179626 Velocidad: 130
[2024-10-23 09:47:08] Posicion Bala: 639.84286382249 137.91124996535 4.8884680271149 Velocidad: 130
[2024-10-23 09:47:08] Posicion Bala: 120.45892930386 105.15848294368 0.88863706588745 Velocidad: 130
[2024-10-23 09:47:08] Posicion Bala: 120.53760746314 108.37321370273 0.88876390457153 Velocidad: 130
[2024-10-23 09:47:08] Posicion Bala: 652.22760786343 138.47526107917 4.983834028244 Velocidad: 130
[2024-10-23 09:47:08] Posicion Bala: 132.8455020822 104.74636037434 0.983971118927 Velocidad: 130
[2024-10-23 09:47:08] Posicion Bala: 132.92942627008 108.30598864591 0.98408699035645 Velocidad: 130
[2024-10-23 09:47:09] Posicion Bala: 666.38813410355 139.12014272957 5.0928740501404 Velocidad: 130
[2024-10-23 09:47:09] Posicion Bala: 147.02181784268 104.27468997936 1.0930800437927 Velocidad: 130
[2024-10-23 09:47:09] Posicion Bala: 147.12196311306 108.22899477516 1.0932619571686 Velocidad: 130
[2024-10-23 09:47:09] Posicion Bala: 678.45378042781 139.66962187907 5.1857829093933 Velocidad: 130
[2024-10-23 09:47:09] Posicion Bala: 159.08836440341 103.87321523242 1.1859509944916 Velocidad: 130
[2024-10-23 09:47:09] Posicion Bala: 159.18967808855 108.16352796697 1.1860918998718 Velocidad: 130
[2024-10-23 09:47:09] Posicion Bala: 692.69134093138 140.31801173122 5.2954161167145 Velocidad: 130
[2024-10-23 09:47:09] Posicion Bala: 173.33537030314 103.39919285498 1.2956039905548 Velocidad: 130
[2024-10-23 09:47:09] Posicion Bala: 173.44500869288 108.0861934429 1.2957499027252 Velocidad: 130
[2024-10-23 09:47:09] Posicion Bala: 704.4702451681 140.85443241752 5.3861169815063 Velocidad: 130
[2024-10-23 09:47:09] Posicion Bala: 185.11596564765 103.00723219657 1.38627409935 Velocidad: 130
[2024-10-23 09:47:09] Posicion Bala: 185.22751725574 108.02227386661 1.3863859176636 Velocidad: 130
[2024-10-23 09:47:09] Posicion Bala: 718.73752950322 141.50417591666 5.4959790706635 Velocidad: 130
[2024-10-23 09:47:09] Posicion Bala: 199.39258582133 102.53222450132 1.4961550235748 Velocidad: 130
[2024-10-23 09:47:09] Posicion Bala: 199.51328392802 107.94477422824 1.4962780475616 Velocidad: 130
[2024-10-23 09:47:09] Posicion Bala: 730.72422189991 142.05005944136 5.5882799625397 Velocidad: 130
[2024-10-23 09:47:09] Posicion Bala: 211.3855923336 102.13319655822 1.5884599685669 Velocidad: 130
[2024-10-23 09:47:09] Posicion Bala: 211.5210565864 107.87963260441 1.5886468887329 Velocidad: 130
[2024-10-23 09:47:09] Posicion Bala: 744.7630662046 142.68939959945 5.6963829994202 Velocidad: 130
[2024-10-23 09:47:09] Posicion Bala: 225.43341436157 101.66580137059 1.6965799331665 Velocidad: 130
[2024-10-23 09:47:09] Posicion Bala: 225.56919257343 107.80342210177 1.696711063385 Velocidad: 130
[2024-10-23 09:47:09] Posicion Bala: 757.20834159001 143.25616735894 5.7922151088715 Velocidad: 130
[2024-10-23 09:47:09] Posicion Bala: 237.88572091531 101.25149172555 1.7924199104309 Velocidad: 130
[2024-10-23 09:47:09] Posicion Bala: 238.03040685503 107.73582057764 1.7925679683685 Velocidad: 130
[2024-10-23 09:47:09] Posicion Bala: 769.18580721399 143.80163068906 5.8844449520111 Velocidad: 130
[2024-10-23 09:47:09] Posicion Bala: 249.86550013159 100.85290387732 1.8846230506897 Velocidad: 130
[2024-10-23 09:47:09] Posicion Bala: 250.01623579029 107.67079799752 1.8847680091858 Velocidad: 130
[2024-10-23 09:47:09] Posicion Bala: 783.34113178358 144.44627545124 5.9934449195862 Velocidad: 130
[2024-10-23 09:47:09] Posicion Bala: 264.02741145967 100.38171274256 1.9936211109161 Velocidad: 130
[2024-10-23 09:47:09] Posicion Bala: 264.18744878934 107.59391980765 1.9937789440155 Velocidad: 130
[2024-10-23 09:47:10] Posicion Bala: 276.08627565645 99.980493601079 2.0864329338074 Velocidad: 130
[2024-10-23 09:47:10] Posicion Bala: 276.26948297398 107.52837531841 2.0867190361023 Velocidad: 130
[2024-10-23 09:47:10] Posicion Bala: 290.29821528203 99.50763793886 2.1958160400391 Velocidad: 130
[2024-10-23 09:47:10] Posicion Bala: 290.47435541273 107.4513145276 2.1959888935089 Velocidad: 130
[2024-10-23 09:47:10] Posicion Bala: 302.58277989711 99.098909356473 2.2903649806976 Velocidad: 130
[2024-10-23 09:47:10] Posicion Bala: 302.77712857486 107.38457253938 2.2906270027161 Velocidad: 130
[2024-10-23 09:47:10] Posicion Bala: 316.36060400496 98.64049746379 2.3964068889618 Velocidad: 130
[2024-10-23 09:47:10] Posicion Bala: 316.56460536494 107.30977610109 2.3966860771179 Velocidad: 130
[2024-10-23 09:47:10] Posicion Bala: 328.42470336105 98.239104139558 2.4892590045929 Velocidad: 130
[2024-10-23 09:47:10] Posicion Bala: 328.62060462385 107.24437285014 2.4894258975983 Velocidad: 130
[2024-10-23 09:47:10] Posicion Bala: 342.24527610701 97.779269926199 2.5956299304962 Velocidad: 130
[2024-10-23 09:47:10] Posicion Bala: 342.45333259438 107.16933092625 2.5958330631256 Velocidad: 130
[2024-10-23 09:47:10] Posicion Bala: 354.69070570593 97.365189089266 2.6914169788361 Velocidad: 130
[2024-10-23 09:47:10] Posicion Bala: 354.9114164861 107.10174638434 2.6916658878326 Velocidad: 130
[2024-10-23 09:47:10] Posicion Bala: 367.27503740144 96.946486740802 2.7882730960846 Velocidad: 130
[2024-10-23 09:47:10] Posicion Bala: 367.49239142608 107.03349516405 2.7884440422058 Velocidad: 130
[2024-10-23 09:47:10] Posicion Bala: 380.67580613026 96.500620128753 2.8914129734039 Velocidad: 130
[2024-10-23 09:47:10] Posicion Bala: 380.93651713606 106.96056138986 2.8918619155884 Velocidad: 130
[2024-10-23 09:47:10] Posicion Bala: 393.2812953039 96.081213834621 2.988431930542 Velocidad: 130
[2024-10-23 09:47:10] Posicion Bala: 393.51138626608 106.89234329331 2.9885931015015 Velocidad: 130
[2024-10-23 09:47:11] Posicion Bala: 406.28995369854 95.648393407442 3.0885539054871 Velocidad: 130
[2024-10-23 09:47:11] Posicion Bala: 406.52795030877 106.82172902183 3.0887219905853 Velocidad: 130
[2024-10-23 09:47:11] Posicion Bala: 418.72070006959 95.234801106742 3.1842279434204 Velocidad: 130
[2024-10-23 09:47:11] Posicion Bala: 418.96539222366 106.75425646172 3.1843960285187 Velocidad: 130
[2024-10-23 09:47:11] Posicion Bala: 432.99577137956 94.759844944857 3.2940969467163 Velocidad: 130
[2024-10-23 09:47:11] Posicion Bala: 433.24709868728 106.6767788498 3.2942569255829 Velocidad: 130
[2024-10-23 09:47:11] Posicion Bala: 445.02489739331 94.359615243845 3.3866798877716 Velocidad: 130
[2024-10-23 09:47:11] Posicion Bala: 445.28363373981 106.61148119128 3.3868470191956 Velocidad: 130
[2024-10-23 09:47:11] Posicion Bala: 459.17277601627 93.888891001307 3.4955699443817 Velocidad: 130
[2024-10-23 09:47:11] Posicion Bala: 459.43783105525 106.53469531073 3.4957270622253 Velocidad: 130
[2024-10-23 09:47:11] Posicion Bala: 471.18347055199 93.489274547253 3.5880110263824 Velocidad: 130
[2024-10-23 09:47:11] Posicion Bala: 471.45679253291 106.46949298807 3.5881819725037 Velocidad: 130
[2024-10-23 09:47:11] Posicion Bala: 485.19594751033 93.023055350857 3.6958589553833 Velocidad: 130
[2024-10-23 09:47:11] Posicion Bala: 485.47681699893 106.39343498916 3.6960299015045 Velocidad: 130
[2024-10-23 09:47:11] Posicion Bala: 497.0815248364 92.62760176145 3.787337064743 Velocidad: 130
[2024-10-23 09:47:11] Posicion Bala: 497.374654084 106.32888976085 3.7875530719757 Velocidad: 130
[2024-10-23 09:47:11] Posicion Bala: 511.29603557572 92.154660553858 3.8967399597168 Velocidad: 130
[2024-10-23 09:47:11] Posicion Bala: 511.59307088292 106.2517554925 3.8969271183014 Velocidad: 130
[2024-10-23 09:47:11] Posicion Bala: 523.0828573523 91.762492731346 3.9874579906464 Velocidad: 130
[2024-10-23 09:47:11] Posicion Bala: 523.38348290538 106.1877930403 3.9876239299774 Velocidad: 130
[2024-10-23 09:47:12] Posicion Bala: 535.93145617223 91.334997761367 4.0863480567932 Velocidad: 130
[2024-10-23 09:47:12] Posicion Bala: 536.24107893129 106.11804116312 4.0865299701691 Velocidad: 130
[2024-10-23 09:47:12] Posicion Bala: 548.88630704195 90.90396760304 4.1860558986664 Velocidad: 130
[2024-10-23 09:47:12] Posicion Bala: 549.20086204072 106.04773492564 4.186222076416 Velocidad: 130
[2024-10-23 09:47:12] Posicion Bala: 563.03381393762 90.433255728508 4.2949430942535 Velocidad: 130
[2024-10-23 09:47:12] Posicion Bala: 563.35400556154 105.97095476187 4.2950940132141 Velocidad: 130
[2024-10-23 09:47:12] Posicion Bala: 574.82426005526 90.040967317939 4.3856890201569 Velocidad: 130
[2024-10-23 09:47:12] Posicion Bala: 575.15250700735 105.90694842491 4.3858530521393 Velocidad: 130
[2024-10-23 09:47:12] Posicion Bala: 588.85259737789 89.574220419959 4.4936590194702 Velocidad: 130
[2024-10-23 09:47:12] Posicion Bala: 589.2202311766 105.83063165727 4.4940679073334 Velocidad: 130
[2024-10-23 09:47:12] Posicion Bala: 600.67318438312 89.180929170247 4.584636926651 Velocidad: 130
[2024-10-23 09:47:12] Posicion Bala: 601.01523030502 105.76664432023 4.5848000049591 Velocidad: 130
[2024-10-23 09:47:12] Posicion Bala: 615.23708779579 88.696363067792 4.6967289447784 Velocidad: 130
[2024-10-23 09:47:12] Posicion Bala: 615.59141037508 105.68756920231 4.6969261169434 Velocidad: 130
[2024-10-23 09:47:12] Posicion Bala: 626.89241104428 88.308570427362 4.7864348888397 Velocidad: 130
[2024-10-23 09:47:12] Posicion Bala: 627.24947819171 105.62432471144 4.7866048812866 Velocidad: 130
[2024-10-23 09:47:12] Posicion Bala: 641.1138297157 87.835399380993 4.8958909511566 Velocidad: 130
[2024-10-23 09:47:12] Posicion Bala: 641.47790603946 105.5471361336 4.8960559368134 Velocidad: 130
[2024-10-23 09:47:12] Posicion Bala: 653.20181255003 87.433211412383 4.9889268875122 Velocidad: 130
[2024-10-23 09:47:12] Posicion Bala: 653.57410446346 105.481514804 4.9891049861908 Velocidad: 130
[2024-10-23 09:47:13] Posicion Bala: 666.98967329466 86.974465583542 5.095046043396 Velocidad: 130
[2024-10-23 09:47:13] Posicion Bala: 667.36678823869 105.40669011805 5.0952041149139 Velocidad: 130
[2024-10-23 09:47:13] Posicion Bala: 679.71690315508 86.551008767483 5.1930019855499 Velocidad: 130
[2024-10-23 09:47:13] Posicion Bala: 680.11451067921 105.33753430011 5.1932649612427 Velocidad: 130
[2024-10-23 09:47:13] Posicion Bala: 691.75306101002 86.150545105027 5.2856390476227 Velocidad: 130
[2024-10-23 09:47:13] Posicion Bala: 692.14689254121 105.27225917247 5.2858231067657 Velocidad: 130
[2024-10-23 09:47:13] Posicion Bala: 705.86974551808 85.680858744315 5.3942890167236 Velocidad: 130
[2024-10-23 09:47:13] Posicion Bala: 706.26792632029 105.1956532026 5.3944480419159 Velocidad: 130
[2024-10-23 09:47:13] Posicion Bala: 717.60523795165 85.290398737283 5.4846119880676 Velocidad: 130
[2024-10-23 09:47:13] Posicion Bala: 718.00819011675 105.13196280226 5.4847590923309 Velocidad: 130
[2024-10-23 09:47:13] Posicion Bala: 731.81222121339 84.817707981809 5.5939569473267 Velocidad: 130
[2024-10-23 09:47:13] Posicion Bala: 732.22449932644 105.05483996749 5.5941169261932 Velocidad: 130
[2024-10-23 09:47:13] Posicion Bala: 743.6043710811 84.425362884547 5.6847159862518 Velocidad: 130
[2024-10-23 09:47:13] Posicion Bala: 744.02405456686 104.99082791374 5.6848840713501 Velocidad: 130
[2024-10-23 09:47:13] Posicion Bala: 757.86085602668 83.951025122957 5.7944419384003 Velocidad: 130
[2024-10-23 09:47:13] Posicion Bala: 758.28549098116 104.91346026592 5.7945890426636 Velocidad: 130
[2024-10-23 09:47:13] Posicion Bala: 769.87805578994 83.5511922288 5.8869330883026 Velocidad: 130
[2024-10-23 09:47:13] Posicion Bala: 770.30913254666 104.848232554 5.8870799541473 Velocidad: 130
[2024-10-23 09:47:13] Posicion Bala: 782.98909407512 83.114965446669 5.9878430366516 Velocidad: 130
[2024-10-23 09:47:13] Posicion Bala: 783.42633397491 104.77707232925 5.9879829883575 Velocidad: 130
[2024-10-23 09:47:15] Posicion Bala: 191.08906999126 204.5459800025 0.096714019775391 Velocidad: 130
[2024-10-23 09:47:15] Posicion Bala: 202.4712693678 201.29392303777 0.18777298927307 Velocidad: 130
[2024-10-23 09:47:15] Posicion Bala: 216.00894877939 197.42601463446 0.29607605934143 Velocidad: 130
[2024-10-23 09:47:15] Posicion Bala: 227.42664218612 194.16381651825 0.38741898536682 Velocidad: 130
[2024-10-23 09:47:15] Posicion Bala: 240.93443031955 190.30444848013 0.49548292160034 Velocidad: 130
[2024-10-23 09:47:15] Posicion Bala: 253.11076019361 186.82549708754 0.59289503097534 Velocidad: 130
[2024-10-23 09:47:15] Posicion Bala: 264.75882207505 183.49747940713 0.68608093261719 Velocidad: 130
[2024-10-23 09:47:15] Posicion Bala: 278.31599191128 179.62400231106 0.79453992843628 Velocidad: 130
[2024-10-23 09:47:15] Posicion Bala: 289.66606486922 176.38112432308 0.88534188270569 Velocidad: 130
[2024-10-23 09:47:15] Posicion Bala: 303.45461644383 172.44153815891 0.99565196037292 Velocidad: 130
[2024-10-23 09:47:16] Posicion Bala: 314.77745049027 169.20644271706 1.086236000061 Velocidad: 130
[2024-10-23 09:47:16] Posicion Bala: 328.68175253782 165.23378498919 1.1974720954895 Velocidad: 130
[2024-10-23 09:47:16] Posicion Bala: 340.1270722804 161.96369363417 1.2890360355377 Velocidad: 130
[2024-10-23 09:47:16] Posicion Bala: 353.55785237519 158.1263278928 1.3964838981628 Velocidad: 130
[2024-10-23 09:47:16] Posicion Bala: 365.05368629171 154.84180391665 1.4884519577026 Velocidad: 130
[2024-10-23 09:47:16] Posicion Bala: 378.4334753826 151.01900703354 1.5954918861389 Velocidad: 130
[2024-10-23 09:47:16] Posicion Bala: 389.99830063404 147.71477124742 1.6880118846893 Velocidad: 130
[2024-10-23 09:47:16] Posicion Bala: 403.4679721725 143.866293665 1.7957708835602 Velocidad: 130
[2024-10-23 09:47:16] Posicion Bala: 415.66680246032 140.38091358277 1.8933629989624 Velocidad: 130
[2024-10-23 09:47:16] Posicion Bala: 428.39548023999 136.74414850286 1.9951939582825 Velocidad: 130
[2024-10-23 09:47:17] Posicion Bala: 440.17818698157 133.37766086241 2.0894570350647 Velocidad: 130
[2024-10-23 09:47:17] Posicion Bala: 453.44198718453 129.58800366156 2.1955690383911 Velocidad: 130
[2024-10-23 09:47:17] Posicion Bala: 465.10992691496 126.25430659573 2.2889139652252 Velocidad: 130
[2024-10-23 09:47:17] Posicion Bala: 478.48697423357 122.43229307612 2.3959319591522 Velocidad: 130
[2024-10-23 09:47:17] Posicion Bala: 491.20367166048 118.79895095415 2.4976670742035 Velocidad: 130
[2024-10-23 09:47:17] Posicion Bala: 502.06198391968 115.69657602295 2.5845348834991 Velocidad: 130
[2024-10-23 09:47:17] Posicion Bala: 515.71329787125 111.79620060821 2.6937470436096 Velocidad: 130
[2024-10-23 09:47:17] Posicion Bala: 527.26763286357 108.49496203898 2.7861831188202 Velocidad: 130
[2024-10-23 09:47:17] Posicion Bala: 540.84566401057 104.61552456841 2.8948090076447 Velocidad: 130
[2024-10-23 09:47:17] Posicion Bala: 552.25811228773 101.35482506065 2.9861099720001 Velocidad: 130
[2024-10-23 09:47:18] Posicion Bala: 564.4772972545 97.863629355858 3.0838649272919 Velocidad: 130
[2024-10-23 09:47:18] Posicion Bala: 577.86298711614 94.039146538245 3.1909520626068 Velocidad: 130
[2024-10-23 09:47:18] Posicion Bala: 589.44268350199 90.730661856575 3.2835910320282 Velocidad: 130
[2024-10-23 09:47:18] Posicion Bala: 603.11497797183 86.824292008049 3.3929710388184 Velocidad: 130
[2024-10-23 09:47:18] Posicion Bala: 614.58330476 83.547627211429 3.4847190380096 Velocidad: 130
[2024-10-23 09:47:18] Posicion Bala: 628.48558028022 79.575548491367 3.5959389209747 Velocidad: 130
[2024-10-23 09:47:18] Posicion Bala: 639.83177899473 76.333777430078 3.6867098808289 Velocidad: 130
[2024-10-23 09:47:18] Posicion Bala: 653.51322263944 72.424793531589 3.7961630821228 Velocidad: 130
[2024-10-23 09:47:18] Posicion Bala: 665.46428015898 69.010205668863 3.8917729854584 Velocidad: 130
[2024-10-23 09:47:18] Posicion Bala: 678.6550955761 65.241401263972 3.9973011016846 Velocidad: 130
[2024-10-23 09:47:19] Posicion Bala: 690.38079133551 61.89120247557 4.091108083725 Velocidad: 130
[2024-10-23 09:47:19] Posicion Bala: 703.44107455091 58.159692985455 4.1955919265747 Velocidad: 130
[2024-10-23 09:47:19] Posicion Bala: 714.35291097318 55.042025436235 4.2828879356384 Velocidad: 130
[2024-10-23 09:47:19] Posicion Bala: 727.12048019652 51.394148515282 4.3850300312042 Velocidad: 130
[2024-10-23 09:47:19] Posicion Bala: 740.80600669776 47.483998086354 4.4945158958435 Velocidad: 130
[2024-10-23 09:47:19] Posicion Bala: 765.94352856103 40.301848982563 4.6956191062927 Velocidad: 130
[2024-10-23 09:47:19] Posicion Bala: 778.56220762917 36.696512105953 4.7965700626373 Velocidad: 130
[2024-10-23 09:47:19] Posicion Bala: 790.81402564636 33.195992672469 4.8945860862732 Velocidad: 130
[2024-10-23 09:47:19] Posicion Bala: 803.49382835507 29.573191898551 4.9960260391235 Velocidad: 130
[2024-10-23 09:47:20] Posicion Bala: 815.69063211556 26.088390824126 5.0936019420624 Velocidad: 130
[2024-10-23 09:47:20] Posicion Bala: 828.50570552372 22.426941278937 5.1961240768433 Velocidad: 130
[2024-10-23 09:47:20] Posicion Bala: 840.95564638955 18.869815317273 5.295725107193 Velocidad: 130
[2024-10-23 09:47:20] Posicion Bala: 853.44280979417 15.302054344523 5.395623922348 Velocidad: 130
[2024-10-23 09:47:20] Posicion Bala: 865.91274771647 11.739214938152 5.4953849315643 Velocidad: 130
[2024-10-23 09:47:20] Posicion Bala: 878.12656834618 8.2495519010925 5.5930969715118 Velocidad: 130
[2024-10-23 09:47:20] Posicion Bala: 890.91687639826 4.5951781719264 5.6954209804535 Velocidad: 130
[2024-10-23 09:47:20] Posicion Bala: 903.054702253 1.1272279277161 5.7925250530243 Velocidad: 130
[2024-10-23 09:47:20] Posicion Bala: 915.94463796497 -2.5556108471341 5.8956460952759 Velocidad: 130
[2024-10-23 09:47:20] Posicion Bala: 928.22280083749 -6.063657382139 5.9938728809357 Velocidad: 130
[2024-10-23 09:47:22] Posicion Cuadrado: 228 106
[2024-10-23 09:47:24] Posicion Bala: 729.26581642435 259.77705296978 0.59657001495361 Velocidad: 130
[2024-10-23 09:47:24] Posicion Bala: 716.65883063311 256.28127786041 0.69720602035522 Velocidad: 130
[2024-10-23 09:47:24] Posicion Bala: 704.23122867373 252.8352438664 0.79641008377075 Velocidad: 130
[2024-10-23 09:47:24] Posicion Bala: 691.63102279088 249.34134874923 0.89699196815491 Velocidad: 130
[2024-10-23 09:47:24] Posicion Bala: 679.80498089769 246.06212058343 0.99139404296875 Velocidad: 130
[2024-10-23 09:47:25] Posicion Bala: 666.6018410465 242.40103867047 1.0967888832092 Velocidad: 130
[2024-10-23 09:47:25] Posicion Bala: 654.70050334244 239.10093182471 1.191792011261 Velocidad: 130
[2024-10-23 09:47:25] Posicion Bala: 641.51426846109 235.44453746941 1.2970519065857 Velocidad: 130
[2024-10-23 09:47:25] Posicion Bala: 628.89375272049 231.94501065753 1.3977959156036 Velocidad: 130
[2024-10-23 09:47:25] Posicion Bala: 616.41716816299 228.48539434097 1.4973909854889 Velocidad: 130
[2024-10-23 09:47:25] Posicion Bala: 604.06674366307 225.06076078686 1.595978975296 Velocidad: 130
[2024-10-23 09:47:25] Posicion Bala: 591.3977530708 221.54779244481 1.6971099376678 Velocidad: 130
[2024-10-23 09:47:25] Posicion Bala: 579.02262819976 218.1163097561 1.7958950996399 Velocidad: 130
[2024-10-23 09:47:25] Posicion Bala: 565.56767597987 214.38540311062 1.9033000469208 Velocidad: 130
[2024-10-23 09:47:25] Posicion Bala: 553.9057556578 211.15168400723 1.9963920116425 Velocidad: 130
[2024-10-23 09:47:26] Posicion Bala: 541.26406390374 207.64628532542 2.097305059433 Velocidad: 130
[2024-10-23 09:47:26] Posicion Bala: 528.88344342413 204.21327876638 2.1961340904236 Velocidad: 130
[2024-10-23 09:47:26] Posicion Bala: 516.2798625208 200.71844779406 2.2967429161072 Velocidad: 130
[2024-10-23 09:47:26] Posicion Bala: 503.97916730494 197.30760361009 2.3949339389801 Velocidad: 130
[2024-10-23 09:47:26] Posicion Bala: 491.18676445938 193.76041444077 2.4970500469208 Velocidad: 130
[2024-10-23 09:47:26] Posicion Bala: 479.22655803527 190.44398396225 2.5925230979919 Velocidad: 130
[2024-10-23 09:47:26] Posicion Bala: 466.13327062058 186.81336289216 2.6970410346985 Velocidad: 130
[2024-10-23 09:47:26] Posicion Bala: 454.61229473783 183.61872609368 2.7890079021454 Velocidad: 130
[2024-10-23 09:47:26] Posicion Bala: 441.13915324827 179.88277576867 2.8965580463409 Velocidad: 130
[2024-10-23 09:47:26] Posicion Bala: 429.40068268293 176.62783014536 2.9902610778809 Velocidad: 130
[2024-10-23 09:47:27] Posicion Bala: 415.98957586183 172.90908133493 3.0973160266876 Velocidad: 130
[2024-10-23 09:47:27] Posicion Bala: 404.3202782826 169.67331660126 3.1904668807983 Velocidad: 130
[2024-10-23 09:47:27] Posicion Bala: 390.93608202303 165.96202978632 3.2973070144653 Velocidad: 130
[2024-10-23 09:47:27] Posicion Bala: 378.81088787211 162.59985007018 3.3940970897675 Velocidad: 130
[2024-10-23 09:47:27] Posicion Bala: 365.7499170252 158.9781900202 3.4983570575714 Velocidad: 130
[2024-10-23 09:47:27] Posicion Bala: 353.612835634 155.61271410627 3.595242023468 Velocidad: 130
[2024-10-23 09:47:27] Posicion Bala: 340.87356696042 152.08025844414 3.6969339847565 Velocidad: 130
[2024-10-23 09:47:27] Posicion Bala: 328.63950599845 148.68789118796 3.7945930957794 Velocidad: 130
[2024-10-23 09:47:27] Posicion Bala: 315.75191562839 145.11430759063 3.8974690437317 Velocidad: 130
[2024-10-23 09:47:27] Posicion Bala: 577.47468219561 162.05019931263 0.89761996269226 Velocidad: 130
[2024-10-23 09:47:27] Posicion Bala: 303.26732659755 141.6524717238 3.9971280097961 Velocidad: 130
[2024-10-23 09:47:27] Posicion Bala: 564.64734915913 160.22369863026 0.9972870349884 Velocidad: 130
[2024-10-23 09:47:28] Posicion Bala: 290.79889585059 138.19511636703 4.0966579914093 Velocidad: 130
[2024-10-23 09:47:28] Posicion Bala: 551.82851584098 158.39840823387 1.0968880653381 Velocidad: 130
[2024-10-23 09:47:28] Posicion Bala: 278.37030826576 134.74880907018 4.1958699226379 Velocidad: 130
[2024-10-23 09:47:28] Posicion Bala: 539.06221507797 156.58059801653 1.1960809230804 Velocidad: 130
[2024-10-23 09:47:28] Posicion Bala: 265.76831033664 131.25441703878 4.2964661121368 Velocidad: 130
[2024-10-23 09:47:28] Posicion Bala: 526.12045803557 154.73780435071 1.2966370582581 Velocidad: 130
[2024-10-23 09:47:28] Posicion Bala: 253.09821464917 127.74114226628 4.3976058959961 Velocidad: 130
[2024-10-23 09:47:28] Posicion Bala: 513.10419804696 152.8844021132 1.3977720737457 Velocidad: 130
[2024-10-23 09:47:28] Posicion Bala: 241.66528797327 124.57092052076 4.4888699054718 Velocidad: 130
[2024-10-23 09:47:28] Posicion Bala: 501.36016485098 151.21215390812 1.4890220165253 Velocidad: 130
[2024-10-23 09:47:28] Posicion Bala: 228.13704106083 120.8196900829 4.5968599319458 Velocidad: 130
[2024-10-23 09:47:28] Posicion Bala: 487.4602410054 149.23292562141 1.5970230102539 Velocidad: 130
[2024-10-23 09:47:28] Posicion Bala: 215.98642972028 117.45046246646 4.6938529014587 Velocidad: 130
[2024-10-23 09:47:28] Posicion Bala: 474.97501396036 147.45513785739 1.6940319538116 Velocidad: 130
[2024-10-23 09:47:28] Posicion Bala: 204.00516675247 114.12819324563 4.7894940376282 Velocidad: 130
[2024-10-23 09:47:28] Posicion Bala: 462.666746755 145.70254763576 1.7896659374237 Velocidad: 130
[2024-10-23 09:47:28] Posicion Bala: 190.60182546522 110.41159773024 4.8964869976044 Velocidad: 130
[2024-10-23 09:47:28] Posicion Bala: 448.89526991634 143.7416090859 1.8966689109802 Velocidad: 130
[2024-10-23 09:47:28] Posicion Bala: 178.00084302899 106.91748728357 4.9970750808716 Velocidad: 130
[2024-10-23 09:47:28] Posicion Bala: 435.93909096919 141.89676186626 1.99733710289 Velocidad: 130
[2024-10-23 09:47:29] Posicion Bala: 165.49460010569 103.44964703636 5.0969069004059 Velocidad: 130
[2024-10-23 09:47:29] Posicion Bala: 423.10353437852 140.06909022128 2.0970680713654 Velocidad: 130
[2024-10-23 09:47:29] Posicion Bala: 152.96640461555 99.975719589708 5.1969139575958 Velocidad: 130
[2024-10-23 09:47:29] Posicion Bala: 410.2336106957 138.23652500122 2.1970660686493 Velocidad: 130
[2024-10-23 09:47:30] Posicion Bala: 20.204329103549 63.162291960942 6.2566950321198 Velocidad: 130
[2024-10-23 09:47:30] Posicion Bala: 273.83645207434 118.81475567579 3.2568581104279 Velocidad: 130
[2024-10-23 09:47:31] Posicion Bala: 146.56440080243 100.69232228815 4.2457489967346 Velocidad: 130
[2024-10-23 09:47:32] Posicion Bala: 16.666826429696 82.196037241594 5.2550399303436 Velocidad: 130
[2024-10-23 09:47:33] Posicion Bala: -111.30821598615 63.973504028029 6.2493929862976 Velocidad: 130
[2024-10-23 09:47:53] Posicion Bala: 774.54901478728 462.43133955431 0.78093504905701 Velocidad: 172.79927206039
[2024-10-23 09:47:53] Posicion Bala: 758.02046894613 451.78604897826 0.87475991249084 Velocidad: 176.73991632462
[2024-10-23 09:47:53] Posicion Bala: 738.5258610193 439.23045164733 0.98115205764771 Velocidad: 181.2083864212
[2024-10-23 09:47:54] Posicion Bala: 721.28792385192 428.12827412718 1.0717871189117 Velocidad: 185.01505899429
[2024-10-23 09:47:54] Posicion Bala: 699.58365764212 414.14953560029 1.1818070411682 Velocidad: 189.63589572906
[2024-10-23 09:47:54] Posicion Bala: 681.09360445857 402.24092665204 1.2722868919373 Velocidad: 193.43604946136
[2024-10-23 09:47:54] Posicion Bala: 658.16276379741 387.47220686647 1.3807680606842 Velocidad: 197.99225854874
[2024-10-23 09:47:54] Posicion Bala: 637.370856772 374.08107772281 1.4758949279785 Velocidad: 201.9875869751
[2024-10-23 09:47:54] Posicion Bala: 613.54522715618 358.73606474616 1.5814781188965 Velocidad: 206.42208099365
[2024-10-23 09:47:54] Posicion Bala: 591.24272015376 344.37202631853 1.6772921085358 Velocidad: 210.4462685585
[2024-10-23 09:47:54] Posicion Bala: 565.96761830458 328.09347367939 1.7826609611511 Velocidad: 214.87176036835
[2024-10-23 09:47:54] Posicion Bala: 541.39678082977 312.26850594599 1.8820960521698 Velocidad: 219.04803419113
[2024-10-23 09:47:54] Posicion Bala: 518.17449548594 297.31207979086 1.9735779762268 Velocidad: 222.89027500153
[2024-10-23 09:47:55] Posicion Bala: 489.7027179585 278.97469258759 2.0826950073242 Velocidad: 227.47319030762
[2024-10-23 09:47:55] Posicion Bala: 464.69040297811 262.86538911318 2.1759979724884 Velocidad: 231.39191484451
[2024-10-23 09:47:55] Posicion Bala: 435.28207380435 243.92481125355 2.2828810214996 Velocidad: 235.88100290298
[2024-10-23 09:47:55] Posicion Bala: 409.64570690965 227.41358409957 2.3737490177155 Velocidad: 239.69745874405
[2024-10-23 09:47:55] Posicion Bala: 378.08850534972 207.08901449733 2.4828720092773 Velocidad: 244.28062438965
[2024-10-23 09:47:55] Posicion Bala: 351.48615798041 189.95564290658 2.5726799964905 Velocidad: 248.0525598526
[2024-10-23 09:47:55] Posicion Bala: 318.42851160324 168.66470450055 2.6816968917847 Velocidad: 252.63126945496
[2024-10-23 09:47:55] Posicion Bala: 287.10311603103 148.48943067546 2.78253698349 Velocidad: 256.86655330658
[2024-10-23 09:47:55] Posicion Bala: 255.49912321349 128.1347249355 2.8820090293884 Velocidad: 261.04437923431
[2024-10-23 09:47:55] Posicion Bala: 225.98431953635 109.12557165259 2.9729800224304 Velocidad: 264.86516094208
[2024-10-23 09:47:55] Colision
[2024-10-23 09:47:57] Posicion Bala: 550.62435529423 445.07657372848 0.77173399925232 Velocidad: 172.4128279686
[2024-10-23 09:47:57] Posicion Bala: 528.26535332928 449.63437028288 0.88070511817932 Velocidad: 176.98961496353
[2024-10-23 09:47:57] Posicion Bala: 508.4745041203 453.66865877548 0.97340989112854 Velocidad: 180.8832154274
[2024-10-23 09:47:58] Posicion Bala: 484.58580926736 458.53827734165 1.0811469554901 Velocidad: 185.40817213058
[2024-10-23 09:47:58] Posicion Bala: 463.44360136029 462.84803510732 1.1730899810791 Velocidad: 189.26977920532
[2024-10-23 09:47:58] Posicion Bala: 437.80245267624 468.07488464676 1.2807519435883 Velocidad: 193.79158163071
[2024-10-23 09:47:58] Posicion Bala: 414.39963216406 472.84545959732 1.3756918907166 Velocidad: 197.7790594101
[2024-10-23 09:47:58] Posicion Bala: 387.27235370571 478.37525097537 1.4821610450745 Velocidad: 202.25076389313
[2024-10-23 09:47:58] Posicion Bala: 362.41819732639 483.44167516039 1.576642036438 Velocidad: 206.2189655304
[2024-10-23 09:47:58] Posicion Bala: 334.23830222197 489.18603839321 1.6805410385132 Velocidad: 210.58272361755
[2024-10-23 09:47:58] Posicion Bala: 308.612228074 494.40981504645 1.7723000049591 Velocidad: 214.43660020828
[2024-10-23 09:47:58] Colision
[2024-10-23 09:47:59] Posicion Bala: 509.24831510618 370.29660588501 0.77845001220703 Velocidad: 172.6949005127
[2024-10-23 09:47:59] Posicion Bala: 488.0061010336 366.90375224842 0.88103294372559 Velocidad: 177.00338363647
[2024-10-23 09:47:59] Posicion Bala: 467.11921087591 363.56765173712 0.97802305221558 Velocidad: 181.07696819305
[2024-10-23 09:48:00] Posicion Bala: 444.10426052119 359.89165272213 1.0809330940247 Velocidad: 185.39918994904
[2024-10-23 09:48:00] Colision
[2024-10-23 09:48:01] Posicion Bala: 577.31174370289 443.49214373583 0.87577605247498 Velocidad: 176.78259420395
[2024-10-23 09:48:01] Posicion Bala: 554.95601275872 448.05974866224 0.98046207427979 Velocidad: 181.17940711975
[2024-10-23 09:48:02] Posicion Bala: 532.68363173277 452.61032397338 1.080794095993 Velocidad: 185.39335203171
[2024-10-23 09:48:02] Posicion Bala: 509.68430284378 457.3094254342 1.1806929111481 Velocidad: 189.58910226822
[2024-10-23 09:48:02] Posicion Bala: 485.84536613219 462.18007113288 1.2806670665741 Velocidad: 193.78801679611
[2024-10-23 09:48:02] Posicion Bala: 462.75003851586 466.89878654688 1.3743898868561 Velocidad: 197.72437524796
[2024-10-23 09:48:02] Posicion Bala: 435.71694313153 472.42204588302 1.4805490970612 Velocidad: 202.18306207657
[2024-10-23 09:48:02] Posicion Bala: 409.43307088147 477.79222790365 1.5804400444031 Velocidad: 206.37848186493
[2024-10-23 09:48:02] Posicion Bala: 384.87819570637 482.80915036963 1.6710600852966 Velocidad: 210.18452358246
[2024-10-23 09:48:02] Posicion Bala: 354.4629896539 489.02342470268 1.7800059318542 Velocidad: 214.76024913788
[2024-10-23 09:48:02] Colision
[2024-10-23 09:48:04] Posicion Bala: 511.10911303168 289.9568522723 0.57120203971863 Velocidad: 163.99048566818
[2024-10-23 09:48:04] Posicion Bala: 491.34179649749 283.38712648299 0.67939805984497 Velocidad: 168.53471851349
[2024-10-23 09:48:04] Posicion Bala: 471.9200750857 276.93226024908 0.78104901313782 Velocidad: 172.80405855179
[2024-10-23 09:48:04] Colision
[2024-10-23 09:48:06] Posicion Bala: 225.18345962407 283.21939210931 0.77549695968628 Velocidad: 172.57087230682
[2024-10-23 09:48:06] Posicion Bala: 203.93363717757 277.23447376204 0.88084101676941 Velocidad: 176.99532270432
[2024-10-23 09:48:06] Colision
[2024-10-23 09:48:07] Posicion Bala: 171.33560971522 219.2525502586 0.88087701797485 Velocidad: 176.99683475494
[2024-10-23 09:48:07] Colision
[2024-10-23 09:48:10] Posicion Bala: 586.7983721202 327.58389080515 0.17317509651184 Velocidad: 147.2733540535
[2024-10-23 09:48:10] Posicion Bala: 569.91915109486 324.96100973673 0.28056907653809 Velocidad: 151.7839012146
[2024-10-23 09:48:10] Posicion Bala: 553.93913835817 322.47785765185 0.37704801559448 Velocidad: 155.83601665497
[2024-10-23 09:48:10] Posicion Bala: 536.11255956386 319.70776559819 0.47956395149231 Velocidad: 160.14168596268
[2024-10-23 09:48:10] Posicion Bala: 518.52516803971 316.97484112245 0.57611703872681 Velocidad: 164.19691562653
[2024-10-23 09:48:10] Posicion Bala: 498.59428796419 313.87775933481 0.68074011802673 Velocidad: 168.59108495712
[2024-10-23 09:48:10] Posicion Bala: 480.02474995853 310.99221801681 0.77418494224548 Velocidad: 172.51576757431
[2024-10-23 09:48:10] Posicion Bala: 457.95238121002 307.56236790472 0.88080191612244 Velocidad: 176.99368047714
[2024-10-23 09:48:10] Posicion Bala: 438.10521337617 304.47829425612 0.97299599647522 Velocidad: 180.86583185196
[2024-10-23 09:48:11] Posicion Bala: 413.81669879789 300.70407476034 1.0816159248352 Velocidad: 185.42786884308
[2024-10-23 09:48:11] Posicion Bala: 391.09041488691 297.17261203844 1.1794979572296 Velocidad: 189.53891420364
[2024-10-23 09:48:11] Posicion Bala: 368.99627073591 293.73937822217 1.2715330123901 Velocidad: 193.40438652039
[2024-10-23 09:48:11] Posicion Bala: 341.43127682572 289.45602293168 1.3824648857117 Velocidad: 198.06352519989
[2024-10-23 09:48:11] Posicion Bala: 317.41604161052 285.72426862234 1.4759209156036 Velocidad: 201.98867845535
[2024-10-23 09:48:11] Posicion Bala: 289.4708968482 281.38184126498 1.581286907196 Velocidad: 206.41405010223
[2024-10-23 09:48:11] Posicion Bala: 262.7866243673 277.23534226425 1.6788029670715 Velocidad: 210.509724617
[2024-10-23 09:48:11] Posicion Bala: 233.91199178374 272.74848075285 1.7812180519104 Velocidad: 214.81115818024
[2024-10-23 09:48:11] Posicion Bala: 204.98747144572 268.25386712738 1.8808469772339 Velocidad: 218.99557304382
[2024-10-23 09:48:11] Posicion Bala: 177.94478105428 264.05167316592 1.9715270996094 Velocidad: 222.80413818359
[2024-10-23 09:48:12] Posicion Bala: 144.46268985732 258.84885349789 2.0807609558105 Velocidad: 227.39196014404
[2024-10-23 09:48:12] Colision
[2024-10-23 09:48:13] Posicion Bala: 579.68756773158 335.52034906418 0.87831497192383 Velocidad: 176.8892288208
[2024-10-23 09:48:13] Posicion Bala: 557.2452444345 336.10128113863 0.9812479019165 Velocidad: 181.21241188049
[2024-10-23 09:48:14] Posicion Bala: 535.40203173697 336.66670490055 1.0777280330658 Velocidad: 185.26457738876
[2024-10-23 09:48:14] Posicion Bala: 511.2985048605 337.29063815757 1.1803998947144 Velocidad: 189.576795578
[2024-10-23 09:48:14] Posicion Bala: 487.26048689201 337.91287567992 1.2792310714722 Velocidad: 193.72770500183
[2024-10-23 09:48:14] Posicion Bala: 461.68788904592 338.57483665959 1.3808550834656 Velocidad: 197.99591350555
[2024-10-23 09:48:14] Posicion Bala: 435.58600488794 339.25049851109 1.4812009334564 Velocidad: 202.21043920517
[2024-10-23 09:48:14] Posicion Bala: 411.38802955199 339.87687661924 1.5714509487152 Velocidad: 206.00093984604
[2024-10-23 09:48:14] Colision
[2024-10-23 09:48:16] Posicion Bala: 676.18192113121 329.99257501297 0.17548990249634 Velocidad: 147.37057590485
[2024-10-23 09:48:16] Posicion Bala: 659.91161186528 329.0426100346 0.27796411514282 Velocidad: 151.674492836
[2024-10-23 09:48:16] Posicion Bala: 642.4203630734 328.02135877817 0.3824200630188 Velocidad: 156.06164264679
[2024-10-23 09:48:16] Posicion Bala: 625.15397067087 327.01323607951 0.48055505752563 Velocidad: 160.18331241608
[2024-10-23 09:48:16] Posicion Bala: 608.36163244216 326.0327917031 0.57187294960022 Velocidad: 164.01866388321
[2024-10-23 09:48:16] Posicion Bala: 587.3528378802 324.8061635705 0.68112397193909 Velocidad: 168.60720682144
[2024-10-23 09:48:16] Posicion Bala: 568.67981807164 323.71591294473 0.77412700653076 Velocidad: 172.51333427429
[2024-10-23 09:48:16] Posicion Bala: 546.30347626675 322.40943863553 0.88110709190369 Velocidad: 177.00649785995
[2024-10-23 09:48:16] Posicion Bala: 525.2850642482 321.18224897415 0.97765588760376 Velocidad: 181.06154727936
[2024-10-23 09:48:17] Posicion Bala: 501.95181151257 319.8199040692 1.0808670520782 Velocidad: 185.39641618729
[2024-10-23 09:48:17] Posicion Bala: 477.86756865651 318.41371154576 1.1834828853607 Velocidad: 189.70628118515
[2024-10-23 09:48:17] Posicion Bala: 454.42317952077 317.04487778518 1.279942035675 Velocidad: 193.75756549835
[2024-10-23 09:48:17] Posicion Bala: 429.04434439495 315.56309866425 1.3809208869934 Velocidad: 197.99867725372
[2024-10-23 09:48:17] Posicion Bala: 405.51939338031 314.18956118462 1.4716229438782 Velocidad: 201.80816364288
[2024-10-23 09:48:17] Posicion Bala: 376.34734751448 312.48631009904 1.5805809497833 Velocidad: 206.3843998909
[2024-10-23 09:48:17] Posicion Bala: 350.12013377494 310.95499719493 1.6755089759827 Velocidad: 210.37137699127
[2024-10-23 09:48:17] Posicion Bala: 319.6545537236 309.17622128959 1.7824990749359 Velocidad: 214.86496114731
[2024-10-23 09:48:17] Posicion Bala: 293.20554692855 307.63195868479 1.872761964798 Velocidad: 218.65600252151
[2024-10-23 09:48:17] Posicion Bala: 260.74333696753 305.73660672316 1.9804940223694 Velocidad: 223.18074893951
[2024-10-23 09:48:18] Posicion Bala: 230.88883874286 303.99350969305 2.0768361091614 Velocidad: 227.22711658478
[2024-10-23 09:48:18] Colision
[2024-10-23 09:48:19] Posicion Bala: 510.49586129022 390.93854871275 1.0814189910889 Velocidad: 185.41959762573
[2024-10-23 09:48:19] Posicion Bala: 488.07388768542 397.89782165235 1.1813070774078 Velocidad: 189.61489725113
[2024-10-23 09:48:19] Posicion Bala: 464.99291506523 405.06163296559 1.2805969715118 Velocidad: 193.7850728035
[2024-10-23 09:48:19] Posicion Bala: 440.84892942962 412.55537945061 1.3810000419617 Velocidad: 198.00200176239
[2024-10-23 09:48:19] Posicion Bala: 418.5013375556 419.49156598509 1.4710710048676 Velocidad: 201.78498220444
[2024-10-23 09:48:19] Posicion Bala: 391.39676528643 427.90421152901 1.5769600868225 Velocidad: 206.23232364655
[2024-10-23 09:48:19] Posicion Bala: 366.09808997799 435.75634754456 1.6727659702301 Velocidad: 210.25617074966
[2024-10-23 09:48:19] Posicion Bala: 336.17443760149 445.04397172556 1.782653093338 Velocidad: 214.8714299202
[2024-10-23 09:48:19] Posicion Bala: 311.51496099969 452.69771493499 1.8706440925598 Velocidad: 218.56705188751
[2024-10-23 09:48:19] Posicion Bala: 279.61050972342 462.60013424621 1.9813389778137 Velocidad: 223.21623706818
[2024-10-23 09:48:20] Posicion Bala: 251.93931302465 471.18864718384 2.074695110321 Velocidad: 227.13719463348
[2024-10-23 09:48:20] Posicion Bala: 219.74718322552 481.18035539508 2.1804540157318 Velocidad: 231.57906866074
[2024-10-23 09:48:20] Posicion Bala: 191.33909454989 489.99758291799 2.2714231014252 Velocidad: 235.39977025986
[2024-10-23 09:48:20] Posicion Bala: 156.16521797372 500.91475781757 2.3812260627747 Velocidad: 240.01149463654
[2024-10-23 09:48:20] Colision
